<?xml version="1.0" encoding="UTF-8"?>
<testsuite xmlns:xsi="http://www.w3.org/2001/XMLSchema-instance" xsi:noNamespaceSchemaLocation="https://maven.apache.org/surefire/maven-surefire-plugin/xsd/surefire-test-report.xsd" name="Step_definition.YaahooRunnerTest" time="22.658" tests="4" errors="0" skipped="0" failures="0">
  <properties>
[...]
</properties>
  <testcase name="Given User opens yahoo page" classname="Scenario: Yahoo  LogIn Test" time="0.005"/>
  <testcase name="Then User enters 50" classname="Scenario: Yahoo  LogIn Test" time="0"/>
  <testcase name="Then Click on next Button" classname="Scenario: Yahoo  LogIn Test" time="0"/>
  <testcase name="Scenario: Yahoo  LogIn Test" classname="Scenario: Yahoo  LogIn Test" time="0"/>
</testsuite>